<?xml version="1.0" encoding="UTF-8"?>
<!-- Generated by org.testng.reporters.JUnitXMLReporter -->
<testsuite ignored="0" hostname="V-Delhi-Ganeshs-Laptop.local" failures="1" tests="5" name="Default test" time="10.169" errors="0" timestamp="2024-11-07T16:00:55 IST">
  <testcase classname="com.tutorialsninja.qa.testcases.Login" name="@BeforeMethod LaunchTheBrowser" time="10.131">
    <failure type="java.lang.NullPointerException">
      <![CDATA[java.lang.NullPointerException
at java.base/java.util.Objects.requireNonNull(Objects.java:233)
at java.base/java.util.ImmutableCollections$Map1.<init>(ImmutableCollections.java:1112)
at java.base/java.util.Map.of(Map.java:1365)
at org.openqa.selenium.remote.DriverCommand.GET(DriverCommand.java:180)
at org.openqa.selenium.remote.RemoteWebDriver.get(RemoteWebDriver.java:313)
at com.tutorialsninja.qa.base.BaseClass.LaunchTheDriver(BaseClass.java:51)
at com.tutorialsninja.qa.testcases.Login.LaunchTheBrowser(Login.java:30)
at java.base/jdk.internal.reflect.DirectMethodHandleAccessor.invoke(DirectMethodHandleAccessor.java:103)
at java.base/java.lang.reflect.Method.invoke(Method.java:580)
at org.testng.internal.invokers.MethodInvocationHelper.invokeMethod(MethodInvocationHelper.java:141)
at org.testng.internal.invokers.MethodInvocationHelper.invokeMethodConsideringTimeout(MethodInvocationHelper.java:71)
at org.testng.internal.invokers.ConfigInvoker.invokeConfigurationMethod(ConfigInvoker.java:400)
at org.testng.internal.invokers.ConfigInvoker.invokeConfigurations(ConfigInvoker.java:333)
at org.testng.internal.invokers.TestInvoker.runConfigMethods(TestInvoker.java:833)
at org.testng.internal.invokers.TestInvoker.invokeMethod(TestInvoker.java:600)
at org.testng.internal.invokers.TestInvoker.invokeTestMethod(TestInvoker.java:230)
at org.testng.internal.invokers.MethodRunner.runInSequence(MethodRunner.java:63)
at org.testng.internal.invokers.TestInvoker$MethodInvocationAgent.invoke(TestInvoker.java:992)
at org.testng.internal.invokers.TestInvoker.invokeTestMethods(TestInvoker.java:203)
at org.testng.internal.invokers.TestMethodWorker.invokeTestMethods(TestMethodWorker.java:154)
at org.testng.internal.invokers.TestMethodWorker.run(TestMethodWorker.java:134)
at java.base/java.util.ArrayList.forEach(ArrayList.java:1596)
at org.testng.TestRunner.privateRun(TestRunner.java:739)
at org.testng.TestRunner.run(TestRunner.java:614)
at org.testng.SuiteRunner.runTest(SuiteRunner.java:421)
at org.testng.SuiteRunner.runSequentially(SuiteRunner.java:413)
at org.testng.SuiteRunner.privateRun(SuiteRunner.java:373)
at org.testng.SuiteRunner.run(SuiteRunner.java:312)
at org.testng.SuiteRunnerWorker.runSuite(SuiteRunnerWorker.java:52)
at org.testng.SuiteRunnerWorker.run(SuiteRunnerWorker.java:95)
at org.testng.TestNG.runSuitesSequentially(TestNG.java:1274)
at org.testng.TestNG.runSuitesLocally(TestNG.java:1208)
at org.testng.TestNG.runSuites(TestNG.java:1112)
at org.testng.TestNG.run(TestNG.java:1079)
at org.testng.remote.AbstractRemoteTestNG.run(AbstractRemoteTestNG.java:115)
at org.testng.remote.RemoteTestNG.initAndRun(RemoteTestNG.java:293)
at org.testng.remote.RemoteTestNG.main(RemoteTestNG.java:91)
]]>
    </failure>
  </testcase> <!-- @BeforeMethod LaunchTheBrowser -->
  <testcase classname="com.tutorialsninja.qa.testcases.Login" name="@AfterMethod CloseTheBrowser" time="0.0">
    <skipped/>
  </testcase> <!-- @AfterMethod CloseTheBrowser -->
  <testcase classname="com.tutorialsninja.qa.testcases.Login" name="@BeforeMethod LaunchTheBrowser" time="0.0">
    <skipped/>
  </testcase> <!-- @BeforeMethod LaunchTheBrowser -->
  <testcase classname="com.tutorialsninja.qa.testcases.Login" name="@AfterMethod CloseTheBrowser" time="0.0">
    <skipped/>
  </testcase> <!-- @AfterMethod CloseTheBrowser -->
  <testcase classname="com.tutorialsninja.qa.testcases.Login" name="@BeforeMethod LaunchTheBrowser" time="0.0">
    <skipped/>
  </testcase> <!-- @BeforeMethod LaunchTheBrowser -->
  <testcase classname="com.tutorialsninja.qa.testcases.Login" name="@AfterMethod CloseTheBrowser" time="0.0">
    <skipped/>
  </testcase> <!-- @AfterMethod CloseTheBrowser -->
  <testcase classname="com.tutorialsninja.qa.testcases.Login" name="@BeforeMethod LaunchTheBrowser" time="0.0">
    <skipped/>
  </testcase> <!-- @BeforeMethod LaunchTheBrowser -->
  <testcase classname="com.tutorialsninja.qa.testcases.Login" name="@AfterMethod CloseTheBrowser" time="0.0">
    <skipped/>
  </testcase> <!-- @AfterMethod CloseTheBrowser -->
  <testcase classname="com.tutorialsninja.qa.testcases.Login" name="LoginWithValidCredentials" time="0.0">
    <failure type="java.lang.RuntimeException" message="java.lang.NullPointerException: Cannot invoke &amp;quot;org.apache.poi.xssf.usermodel.XSSFWorkbook.getSheet(String)&amp;quot; because &amp;quot;workbook&amp;quot; is null">
      <![CDATA[java.lang.RuntimeException: java.lang.NullPointerException: Cannot invoke "org.apache.poi.xssf.usermodel.XSSFWorkbook.getSheet(String)" because "workbook" is null
at org.testng.internal.invokers.MethodInvocationHelper.invokeMethodNoCheckedException(MethodInvocationHelper.java:58)
at org.testng.internal.invokers.MethodInvocationHelper.invokeDataProvider(MethodInvocationHelper.java:159)
at org.testng.internal.Parameters.handleParameters(Parameters.java:809)
at org.testng.internal.Parameters.handleParameters(Parameters.java:734)
at org.testng.internal.invokers.ParameterHandler.handleParameters(ParameterHandler.java:72)
at org.testng.internal.invokers.ParameterHandler.createParameters(ParameterHandler.java:51)
at org.testng.internal.invokers.TestInvoker$MethodInvocationAgent.invoke(TestInvoker.java:946)
at org.testng.internal.invokers.TestInvoker.invokeTestMethods(TestInvoker.java:203)
at org.testng.internal.invokers.TestMethodWorker.invokeTestMethods(TestMethodWorker.java:154)
at org.testng.internal.invokers.TestMethodWorker.run(TestMethodWorker.java:134)
at java.base/java.util.ArrayList.forEach(ArrayList.java:1596)
at org.testng.TestRunner.privateRun(TestRunner.java:739)
at org.testng.TestRunner.run(TestRunner.java:614)
at org.testng.SuiteRunner.runTest(SuiteRunner.java:421)
at org.testng.SuiteRunner.runSequentially(SuiteRunner.java:413)
at org.testng.SuiteRunner.privateRun(SuiteRunner.java:373)
at org.testng.SuiteRunner.run(SuiteRunner.java:312)
at org.testng.SuiteRunnerWorker.runSuite(SuiteRunnerWorker.java:52)
at org.testng.SuiteRunnerWorker.run(SuiteRunnerWorker.java:95)
at org.testng.TestNG.runSuitesSequentially(TestNG.java:1274)
at org.testng.TestNG.runSuitesLocally(TestNG.java:1208)
at org.testng.TestNG.runSuites(TestNG.java:1112)
at org.testng.TestNG.run(TestNG.java:1079)
at org.testng.remote.AbstractRemoteTestNG.run(AbstractRemoteTestNG.java:115)
at org.testng.remote.RemoteTestNG.initAndRun(RemoteTestNG.java:293)
at org.testng.remote.RemoteTestNG.main(RemoteTestNG.java:91)
Caused by: java.lang.NullPointerException: Cannot invoke "org.apache.poi.xssf.usermodel.XSSFWorkbook.getSheet(String)" because "workbook" is null
at com.tutorialsninja.qa.utils.Utils.ReadDataFromExcel(Utils.java:36)
at com.tutorialsninja.qa.testcases.Login.SupplyDetails(Login.java:37)
at java.base/jdk.internal.reflect.DirectMethodHandleAccessor.invoke(DirectMethodHandleAccessor.java:103)
at java.base/java.lang.reflect.Method.invoke(Method.java:580)
at org.testng.internal.invokers.MethodInvocationHelper.invokeMethod(MethodInvocationHelper.java:141)
at org.testng.internal.invokers.MethodInvocationHelper.invokeMethod(MethodInvocationHelper.java:86)
at org.testng.internal.invokers.MethodInvocationHelper.invokeMethodNoCheckedException(MethodInvocationHelper.java:54)
... 25 more
]]>
    </failure>
  </testcase> <!-- LoginWithValidCredentials -->
  <testcase classname="com.tutorialsninja.qa.testcases.Login" name="LoginWithInvalidCredentialsNoofTimes" time="0.0">
    <skipped/>
  </testcase> <!-- LoginWithInvalidCredentialsNoofTimes -->
  <testcase classname="com.tutorialsninja.qa.testcases.Login" name="LoginWithValidMailIDandInvalidPassword" time="0.0">
    <skipped/>
  </testcase> <!-- LoginWithValidMailIDandInvalidPassword -->
  <testcase classname="com.tutorialsninja.qa.testcases.Login" name="LoginWithInValidMailidandvalidPassword" time="0.0">
    <skipped/>
  </testcase> <!-- LoginWithInValidMailidandvalidPassword -->
  <testcase classname="com.tutorialsninja.qa.testcases.Login" name="LoginWithInvalidCredentials" time="0.001">
    <skipped/>
  </testcase> <!-- LoginWithInvalidCredentials -->
</testsuite> <!-- Default test -->
